#! /c/Source/iverilog-install/bin/vvp
:ivl_version "12.0 (devel)" "(s20150603-1539-g2693dd32b)";
:ivl_delay_selection "TYPICAL";
:vpi_time_precision + 0;
:vpi_module "C:\iverilog\lib\ivl\system.vpi";
:vpi_module "C:\iverilog\lib\ivl\vhdl_sys.vpi";
:vpi_module "C:\iverilog\lib\ivl\vhdl_textio.vpi";
:vpi_module "C:\iverilog\lib\ivl\v2005_math.vpi";
:vpi_module "C:\iverilog\lib\ivl\va_math.vpi";
S_000002d765735af0 .scope module, "A" "A" 2 1;
 .timescale 0 0;
    .port_info 0 /INPUT 1 "clk";
    .port_info 1 /INPUT 1 "rst";
    .port_info 2 /INPUT 32 "in";
    .port_info 3 /OUTPUT 32 "out";
o000002d765736fd8 .functor BUFZ 1, C4<z>; HiZ drive
v000002d765867190_0 .net "clk", 0 0, o000002d765736fd8;  0 drivers
o000002d765737008 .functor BUFZ 32, C4<zzzzzzzzzzzzzzzzzzzzzzzzzzzzzzzz>; HiZ drive
v000002d765866d10_0 .net "in", 31 0, o000002d765737008;  0 drivers
v000002d765735e10_0 .var "out", 31 0;
o000002d765737068 .functor BUFZ 1, C4<z>; HiZ drive
v000002d765735eb0_0 .net "rst", 0 0, o000002d765737068;  0 drivers
E_000002d76586c5f0 .event posedge, v000002d765735eb0_0, v000002d765867190_0;
S_000002d765735c80 .scope module, "B" "B" 2 14;
 .timescale 0 0;
    .port_info 0 /INPUT 1 "clk";
    .port_info 1 /INPUT 1 "rst";
    .port_info 2 /INPUT 32 "in";
    .port_info 3 /OUTPUT 32 "out";
o000002d765737158 .functor BUFZ 1, C4<z>; HiZ drive
v000002d76586b840_0 .net "clk", 0 0, o000002d765737158;  0 drivers
o000002d765737188 .functor BUFZ 32, C4<zzzzzzzzzzzzzzzzzzzzzzzzzzzzzzzz>; HiZ drive
v000002d76586b8e0_0 .net "in", 31 0, o000002d765737188;  0 drivers
v000002d76586b980_0 .var "out", 31 0;
o000002d7657371e8 .functor BUFZ 1, C4<z>; HiZ drive
v000002d76586ba20_0 .net "rst", 0 0, o000002d7657371e8;  0 drivers
E_000002d76586c670 .event posedge, v000002d76586ba20_0, v000002d76586b840_0;
    .scope S_000002d765735af0;
T_0 ;
    %wait E_000002d76586c5f0;
    %load/vec4 v000002d765735eb0_0;
    %flag_set/vec4 8;
    %jmp/0xz  T_0.0, 8;
    %pushi/vec4 0, 0, 32;
    %assign/vec4 v000002d765735e10_0, 0;
    %jmp T_0.1;
T_0.0 ;
    %load/vec4 v000002d765866d10_0;
    %assign/vec4 v000002d765735e10_0, 0;
T_0.1 ;
    %jmp T_0;
    .thread T_0;
    .scope S_000002d765735c80;
T_1 ;
    %wait E_000002d76586c670;
    %load/vec4 v000002d76586ba20_0;
    %flag_set/vec4 8;
    %jmp/0xz  T_1.0, 8;
    %pushi/vec4 0, 0, 32;
    %assign/vec4 v000002d76586b980_0, 0;
    %jmp T_1.1;
T_1.0 ;
    %load/vec4 v000002d76586b8e0_0;
    %assign/vec4 v000002d76586b980_0, 0;
T_1.1 ;
    %jmp T_1;
    .thread T_1;
# The file index is used to find the file name in the following table.
:file_names 3;
    "N/A";
    "<interactive>";
    "A_B.v";
