#! /c/Source/iverilog-install/bin/vvp
:ivl_version "12.0 (devel)" "(s20150603-1539-g2693dd32b)";
:ivl_delay_selection "TYPICAL";
:vpi_time_precision + 0;
:vpi_module "C:\iverilog\lib\ivl\system.vpi";
:vpi_module "C:\iverilog\lib\ivl\vhdl_sys.vpi";
:vpi_module "C:\iverilog\lib\ivl\vhdl_textio.vpi";
:vpi_module "C:\iverilog\lib\ivl\v2005_math.vpi";
:vpi_module "C:\iverilog\lib\ivl\va_math.vpi";
S_0000021afd386a20 .scope module, "ALUControl" "ALUControl" 2 1;
 .timescale 0 0;
    .port_info 0 /INPUT 1 "fun7";
    .port_info 1 /INPUT 3 "fun3";
    .port_info 2 /INPUT 2 "ALUOp";
    .port_info 3 /OUTPUT 4 "control_out";
o0000021afd3d6fa8 .functor BUFZ 2, C4<zz>; HiZ drive
v0000021afd386bb0_0 .net "ALUOp", 1 0, o0000021afd3d6fa8;  0 drivers
v0000021afd386c50_0 .var "control_out", 3 0;
o0000021afd3d7008 .functor BUFZ 3, C4<zzz>; HiZ drive
v0000021afd386cf0_0 .net "fun3", 2 0, o0000021afd3d7008;  0 drivers
o0000021afd3d7038 .functor BUFZ 1, C4<z>; HiZ drive
v0000021afd38e100_0 .net "fun7", 0 0, o0000021afd3d7038;  0 drivers
E_0000021afd388a20 .event anyedge, v0000021afd386bb0_0, v0000021afd38e100_0, v0000021afd386cf0_0;
    .scope S_0000021afd386a20;
T_0 ;
    %wait E_0000021afd388a20;
    %load/vec4 v0000021afd386bb0_0;
    %load/vec4 v0000021afd38e100_0;
    %concat/vec4; draw_concat_vec4
    %load/vec4 v0000021afd386cf0_0;
    %concat/vec4; draw_concat_vec4
    %dup/vec4;
    %pushi/vec4 16, 0, 6;
    %cmp/u;
    %jmp/1 T_0.0, 6;
    %dup/vec4;
    %pushi/vec4 32, 0, 6;
    %cmp/u;
    %jmp/1 T_0.1, 6;
    %dup/vec4;
    %pushi/vec4 40, 0, 6;
    %cmp/u;
    %jmp/1 T_0.2, 6;
    %dup/vec4;
    %pushi/vec4 39, 0, 6;
    %cmp/u;
    %jmp/1 T_0.3, 6;
    %dup/vec4;
    %pushi/vec4 38, 0, 6;
    %cmp/u;
    %jmp/1 T_0.4, 6;
    %pushi/vec4 2, 0, 4;
    %assign/vec4 v0000021afd386c50_0, 0;
    %jmp T_0.6;
T_0.0 ;
    %pushi/vec4 6, 0, 4;
    %assign/vec4 v0000021afd386c50_0, 0;
    %jmp T_0.6;
T_0.1 ;
    %pushi/vec4 2, 0, 4;
    %assign/vec4 v0000021afd386c50_0, 0;
    %jmp T_0.6;
T_0.2 ;
    %pushi/vec4 6, 0, 4;
    %assign/vec4 v0000021afd386c50_0, 0;
    %jmp T_0.6;
T_0.3 ;
    %pushi/vec4 0, 0, 4;
    %assign/vec4 v0000021afd386c50_0, 0;
    %jmp T_0.6;
T_0.4 ;
    %pushi/vec4 1, 0, 4;
    %assign/vec4 v0000021afd386c50_0, 0;
    %jmp T_0.6;
T_0.6 ;
    %pop/vec4 1;
    %jmp T_0;
    .thread T_0, $push;
# The file index is used to find the file name in the following table.
:file_names 3;
    "N/A";
    "<interactive>";
    "ALU_Control.v";
