#! /c/Source/iverilog-install/bin/vvp
:ivl_version "12.0 (devel)" "(s20150603-1539-g2693dd32b)";
:ivl_delay_selection "TYPICAL";
:vpi_time_precision + 0;
:vpi_module "C:\iverilog\lib\ivl\system.vpi";
:vpi_module "C:\iverilog\lib\ivl\vhdl_sys.vpi";
:vpi_module "C:\iverilog\lib\ivl\vhdl_textio.vpi";
:vpi_module "C:\iverilog\lib\ivl\v2005_math.vpi";
:vpi_module "C:\iverilog\lib\ivl\va_math.vpi";
S_000001e725ea6a20 .scope module, "ALUunit" "ALUunit" 2 1;
 .timescale 0 0;
    .port_info 0 /INPUT 32 "a";
    .port_info 1 /INPUT 32 "b";
    .port_info 2 /OUTPUT 32 "ALU_Result";
    .port_info 3 /INPUT 4 "aluControl";
    .port_info 4 /OUTPUT 1 "zero";
v000001e725ea6bb0_0 .var "ALU_Result", 31 0;
o000001e725f67008 .functor BUFZ 32, C4<zzzzzzzzzzzzzzzzzzzzzzzzzzzzzzzz>; HiZ drive
v000001e725ea6c50_0 .net "a", 31 0, o000001e725f67008;  0 drivers
o000001e725f67038 .functor BUFZ 4, C4<zzzz>; HiZ drive
v000001e725ea6cf0_0 .net "aluControl", 3 0, o000001e725f67038;  0 drivers
o000001e725f67068 .functor BUFZ 32, C4<zzzzzzzzzzzzzzzzzzzzzzzzzzzzzzzz>; HiZ drive
v000001e725eabcd0_0 .net "b", 31 0, o000001e725f67068;  0 drivers
v000001e725eabd70_0 .var "zero", 0 0;
E_000001e725f66010 .event anyedge, v000001e725ea6bb0_0;
E_000001e725f66290 .event anyedge, v000001e725eabcd0_0, v000001e725ea6c50_0, v000001e725ea6cf0_0;
    .scope S_000001e725ea6a20;
T_0 ;
    %wait E_000001e725f66290;
    %load/vec4 v000001e725ea6cf0_0;
    %dup/vec4;
    %pushi/vec4 0, 0, 4;
    %cmp/u;
    %jmp/1 T_0.0, 6;
    %dup/vec4;
    %pushi/vec4 1, 0, 4;
    %cmp/u;
    %jmp/1 T_0.1, 6;
    %dup/vec4;
    %pushi/vec4 2, 0, 4;
    %cmp/u;
    %jmp/1 T_0.2, 6;
    %dup/vec4;
    %pushi/vec4 6, 0, 4;
    %cmp/u;
    %jmp/1 T_0.3, 6;
    %jmp T_0.4;
T_0.0 ;
    %pushi/vec4 0, 0, 1;
    %assign/vec4 v000001e725eabd70_0, 0;
    %load/vec4 v000001e725ea6c50_0;
    %load/vec4 v000001e725eabcd0_0;
    %and;
    %assign/vec4 v000001e725ea6bb0_0, 0;
    %jmp T_0.4;
T_0.1 ;
    %pushi/vec4 0, 0, 1;
    %assign/vec4 v000001e725eabd70_0, 0;
    %load/vec4 v000001e725ea6c50_0;
    %load/vec4 v000001e725eabcd0_0;
    %or;
    %assign/vec4 v000001e725ea6bb0_0, 0;
    %jmp T_0.4;
T_0.2 ;
    %pushi/vec4 0, 0, 1;
    %assign/vec4 v000001e725eabd70_0, 0;
    %load/vec4 v000001e725ea6c50_0;
    %load/vec4 v000001e725eabcd0_0;
    %add;
    %assign/vec4 v000001e725ea6bb0_0, 0;
    %jmp T_0.4;
T_0.3 ;
    %load/vec4 v000001e725ea6c50_0;
    %load/vec4 v000001e725eabcd0_0;
    %sub;
    %assign/vec4 v000001e725ea6bb0_0, 0;
    %jmp T_0.4;
T_0.4 ;
    %pop/vec4 1;
    %jmp T_0;
    .thread T_0, $push;
    .scope S_000001e725ea6a20;
T_1 ;
    %wait E_000001e725f66010;
    %load/vec4 v000001e725ea6bb0_0;
    %cmpi/e 0, 0, 32;
    %jmp/0xz  T_1.0, 4;
    %pushi/vec4 1, 0, 1;
    %assign/vec4 v000001e725eabd70_0, 0;
T_1.0 ;
    %jmp T_1;
    .thread T_1, $push;
# The file index is used to find the file name in the following table.
:file_names 3;
    "N/A";
    "<interactive>";
    "ALUunit.v";
