#! /c/Source/iverilog-install/bin/vvp
:ivl_version "12.0 (devel)" "(s20150603-1539-g2693dd32b)";
:ivl_delay_selection "TYPICAL";
:vpi_time_precision + 0;
:vpi_module "C:\iverilog\lib\ivl\system.vpi";
:vpi_module "C:\iverilog\lib\ivl\vhdl_sys.vpi";
:vpi_module "C:\iverilog\lib\ivl\vhdl_textio.vpi";
:vpi_module "C:\iverilog\lib\ivl\v2005_math.vpi";
:vpi_module "C:\iverilog\lib\ivl\va_math.vpi";
S_00000234a80b6a20 .scope module, "Control_FSM" "Control_FSM" 2 1;
 .timescale 0 0;
    .port_info 0 /INPUT 1 "clk";
    .port_info 1 /INPUT 1 "rst";
    .port_info 2 /INPUT 7 "op";
    .port_info 3 /OUTPUT 1 "PCWriteCond";
    .port_info 4 /OUTPUT 1 "PCWrite";
    .port_info 5 /OUTPUT 1 "IorD";
    .port_info 6 /OUTPUT 1 "MemRead";
    .port_info 7 /OUTPUT 1 "MemWrite";
    .port_info 8 /OUTPUT 1 "MemtoReg";
    .port_info 9 /OUTPUT 1 "IRWrite";
    .port_info 10 /OUTPUT 1 "PCSource";
    .port_info 11 /OUTPUT 2 "ALUOp";
    .port_info 12 /OUTPUT 2 "ALUSrcB";
    .port_info 13 /OUTPUT 1 "ALUSrcA";
    .port_info 14 /OUTPUT 1 "RegWrite";
P_00000234a7fcdb00 .param/l "s0" 0 2 9, C4<0000>;
P_00000234a7fcdb38 .param/l "s1" 0 2 9, C4<0001>;
P_00000234a7fcdb70 .param/l "s10" 0 2 11, C4<1010>;
P_00000234a7fcdba8 .param/l "s2" 0 2 9, C4<0010>;
P_00000234a7fcdbe0 .param/l "s3" 0 2 9, C4<0011>;
P_00000234a7fcdc18 .param/l "s4" 0 2 10, C4<0100>;
P_00000234a7fcdc50 .param/l "s5" 0 2 10, C4<0101>;
P_00000234a7fcdc88 .param/l "s6" 0 2 10, C4<0110>;
P_00000234a7fcdcc0 .param/l "s7" 0 2 10, C4<0111>;
P_00000234a7fcdcf8 .param/l "s8" 0 2 11, C4<1000>;
P_00000234a7fcdd30 .param/l "s9" 0 2 11, C4<1001>;
v00000234a80b6cb0_0 .var "ALUOp", 1 0;
v00000234a8039fe0_0 .var "ALUSrcA", 0 0;
v00000234a803a080_0 .var "ALUSrcB", 1 0;
v00000234a803a120_0 .var "IRWrite", 0 0;
v00000234a803a1c0_0 .var "IorD", 0 0;
v00000234a803a260_0 .var "MemRead", 0 0;
v00000234a803a300_0 .var "MemWrite", 0 0;
v00000234a803a3a0_0 .var "MemtoReg", 0 0;
v00000234a803a440_0 .var "PCSource", 0 0;
v00000234a803a4e0_0 .var "PCWrite", 0 0;
v00000234a803a580_0 .var "PCWriteCond", 0 0;
v00000234a803a620_0 .var "RegWrite", 0 0;
o00000234a7fed198 .functor BUFZ 1, C4<z>; HiZ drive
v00000234a803a6c0_0 .net "clk", 0 0, o00000234a7fed198;  0 drivers
v00000234a7fd3c80_0 .var "nextState", 3 0;
o00000234a7fed1f8 .functor BUFZ 7, C4<zzzzzzz>; HiZ drive
v00000234a7fd3aa0_0 .net "op", 6 0, o00000234a7fed1f8;  0 drivers
o00000234a7fed228 .functor BUFZ 1, C4<z>; HiZ drive
v00000234a7fd3280_0 .net "rst", 0 0, o00000234a7fed228;  0 drivers
v00000234a7fd3d20_0 .var "state", 3 0;
E_00000234a7fcb480 .event anyedge, v00000234a7fd3d20_0;
E_00000234a7fcae40 .event anyedge, v00000234a7fd3d20_0, v00000234a7fd3aa0_0;
E_00000234a7fcb340 .event posedge, v00000234a7fd3280_0, v00000234a803a6c0_0;
    .scope S_00000234a80b6a20;
T_0 ;
    %wait E_00000234a7fcb340;
    %load/vec4 v00000234a7fd3280_0;
    %flag_set/vec4 8;
    %jmp/0xz  T_0.0, 8;
    %pushi/vec4 0, 0, 4;
    %assign/vec4 v00000234a7fd3d20_0, 0;
    %jmp T_0.1;
T_0.0 ;
    %load/vec4 v00000234a7fd3c80_0;
    %assign/vec4 v00000234a7fd3d20_0, 0;
T_0.1 ;
    %jmp T_0;
    .thread T_0;
    .scope S_00000234a80b6a20;
T_1 ;
    %wait E_00000234a7fcae40;
    %load/vec4 v00000234a7fd3d20_0;
    %dup/vec4;
    %pushi/vec4 0, 0, 4;
    %cmp/u;
    %jmp/1 T_1.0, 6;
    %dup/vec4;
    %pushi/vec4 1, 0, 4;
    %cmp/u;
    %jmp/1 T_1.1, 6;
    %dup/vec4;
    %pushi/vec4 2, 0, 4;
    %cmp/u;
    %jmp/1 T_1.2, 6;
    %dup/vec4;
    %pushi/vec4 3, 0, 4;
    %cmp/u;
    %jmp/1 T_1.3, 6;
    %dup/vec4;
    %pushi/vec4 4, 0, 4;
    %cmp/u;
    %jmp/1 T_1.4, 6;
    %dup/vec4;
    %pushi/vec4 5, 0, 4;
    %cmp/u;
    %jmp/1 T_1.5, 6;
    %dup/vec4;
    %pushi/vec4 6, 0, 4;
    %cmp/u;
    %jmp/1 T_1.6, 6;
    %dup/vec4;
    %pushi/vec4 7, 0, 4;
    %cmp/u;
    %jmp/1 T_1.7, 6;
    %dup/vec4;
    %pushi/vec4 8, 0, 4;
    %cmp/u;
    %jmp/1 T_1.8, 6;
    %dup/vec4;
    %pushi/vec4 9, 0, 4;
    %cmp/u;
    %jmp/1 T_1.9, 6;
    %dup/vec4;
    %pushi/vec4 10, 0, 4;
    %cmp/u;
    %jmp/1 T_1.10, 6;
    %jmp T_1.11;
T_1.0 ;
    %pushi/vec4 1, 0, 4;
    %store/vec4 v00000234a7fd3c80_0, 0, 4;
    %jmp T_1.11;
T_1.1 ;
    %load/vec4 v00000234a7fd3aa0_0;
    %dup/vec4;
    %pushi/vec4 51, 0, 7;
    %cmp/u;
    %jmp/1 T_1.12, 6;
    %dup/vec4;
    %pushi/vec4 3, 0, 7;
    %cmp/u;
    %jmp/1 T_1.13, 6;
    %dup/vec4;
    %pushi/vec4 35, 0, 7;
    %cmp/u;
    %jmp/1 T_1.14, 6;
    %dup/vec4;
    %pushi/vec4 99, 0, 7;
    %cmp/u;
    %jmp/1 T_1.15, 6;
    %dup/vec4;
    %pushi/vec4 19, 0, 7;
    %cmp/u;
    %jmp/1 T_1.16, 6;
    %jmp T_1.17;
T_1.12 ;
    %pushi/vec4 6, 0, 4;
    %store/vec4 v00000234a7fd3c80_0, 0, 4;
    %jmp T_1.17;
T_1.13 ;
    %pushi/vec4 2, 0, 4;
    %store/vec4 v00000234a7fd3c80_0, 0, 4;
    %jmp T_1.17;
T_1.14 ;
    %pushi/vec4 2, 0, 4;
    %store/vec4 v00000234a7fd3c80_0, 0, 4;
    %jmp T_1.17;
T_1.15 ;
    %pushi/vec4 8, 0, 4;
    %store/vec4 v00000234a7fd3c80_0, 0, 4;
    %jmp T_1.17;
T_1.16 ;
    %pushi/vec4 9, 0, 4;
    %store/vec4 v00000234a7fd3c80_0, 0, 4;
    %jmp T_1.17;
T_1.17 ;
    %pop/vec4 1;
    %jmp T_1.11;
T_1.2 ;
    %load/vec4 v00000234a7fd3aa0_0;
    %dup/vec4;
    %pushi/vec4 3, 0, 7;
    %cmp/u;
    %jmp/1 T_1.18, 6;
    %dup/vec4;
    %pushi/vec4 35, 0, 7;
    %cmp/u;
    %jmp/1 T_1.19, 6;
    %jmp T_1.20;
T_1.18 ;
    %pushi/vec4 3, 0, 4;
    %store/vec4 v00000234a7fd3c80_0, 0, 4;
    %jmp T_1.20;
T_1.19 ;
    %pushi/vec4 5, 0, 4;
    %store/vec4 v00000234a7fd3c80_0, 0, 4;
    %jmp T_1.20;
T_1.20 ;
    %pop/vec4 1;
    %jmp T_1.11;
T_1.3 ;
    %pushi/vec4 4, 0, 4;
    %store/vec4 v00000234a7fd3c80_0, 0, 4;
    %jmp T_1.11;
T_1.4 ;
    %pushi/vec4 0, 0, 4;
    %store/vec4 v00000234a7fd3c80_0, 0, 4;
    %jmp T_1.11;
T_1.5 ;
    %pushi/vec4 0, 0, 4;
    %store/vec4 v00000234a7fd3c80_0, 0, 4;
    %jmp T_1.11;
T_1.6 ;
    %pushi/vec4 7, 0, 4;
    %store/vec4 v00000234a7fd3c80_0, 0, 4;
    %jmp T_1.11;
T_1.7 ;
    %pushi/vec4 0, 0, 4;
    %store/vec4 v00000234a7fd3c80_0, 0, 4;
    %jmp T_1.11;
T_1.8 ;
    %pushi/vec4 0, 0, 4;
    %store/vec4 v00000234a7fd3c80_0, 0, 4;
    %jmp T_1.11;
T_1.9 ;
    %pushi/vec4 7, 0, 4;
    %store/vec4 v00000234a7fd3c80_0, 0, 4;
    %jmp T_1.11;
T_1.10 ;
    %pushi/vec4 10, 0, 4;
    %store/vec4 v00000234a7fd3c80_0, 0, 4;
    %jmp T_1.11;
T_1.11 ;
    %pop/vec4 1;
    %jmp T_1;
    .thread T_1, $push;
    .scope S_00000234a80b6a20;
T_2 ;
    %wait E_00000234a7fcb480;
    %load/vec4 v00000234a7fd3d20_0;
    %dup/vec4;
    %pushi/vec4 0, 0, 4;
    %cmp/u;
    %jmp/1 T_2.0, 6;
    %dup/vec4;
    %pushi/vec4 1, 0, 4;
    %cmp/u;
    %jmp/1 T_2.1, 6;
    %dup/vec4;
    %pushi/vec4 2, 0, 4;
    %cmp/u;
    %jmp/1 T_2.2, 6;
    %dup/vec4;
    %pushi/vec4 3, 0, 4;
    %cmp/u;
    %jmp/1 T_2.3, 6;
    %dup/vec4;
    %pushi/vec4 4, 0, 4;
    %cmp/u;
    %jmp/1 T_2.4, 6;
    %dup/vec4;
    %pushi/vec4 5, 0, 4;
    %cmp/u;
    %jmp/1 T_2.5, 6;
    %dup/vec4;
    %pushi/vec4 6, 0, 4;
    %cmp/u;
    %jmp/1 T_2.6, 6;
    %dup/vec4;
    %pushi/vec4 7, 0, 4;
    %cmp/u;
    %jmp/1 T_2.7, 6;
    %dup/vec4;
    %pushi/vec4 8, 0, 4;
    %cmp/u;
    %jmp/1 T_2.8, 6;
    %dup/vec4;
    %pushi/vec4 9, 0, 4;
    %cmp/u;
    %jmp/1 T_2.9, 6;
    %jmp T_2.10;
T_2.0 ;
    %pushi/vec4 0, 0, 1;
    %store/vec4 v00000234a803a580_0, 0, 1;
    %pushi/vec4 1, 0, 1;
    %store/vec4 v00000234a803a4e0_0, 0, 1;
    %pushi/vec4 0, 0, 1;
    %store/vec4 v00000234a803a1c0_0, 0, 1;
    %pushi/vec4 1, 0, 1;
    %store/vec4 v00000234a803a260_0, 0, 1;
    %pushi/vec4 0, 0, 1;
    %store/vec4 v00000234a803a300_0, 0, 1;
    %pushi/vec4 0, 0, 1;
    %store/vec4 v00000234a803a3a0_0, 0, 1;
    %pushi/vec4 1, 0, 1;
    %store/vec4 v00000234a803a120_0, 0, 1;
    %pushi/vec4 0, 0, 1;
    %store/vec4 v00000234a803a440_0, 0, 1;
    %pushi/vec4 0, 0, 2;
    %store/vec4 v00000234a80b6cb0_0, 0, 2;
    %pushi/vec4 1, 0, 2;
    %store/vec4 v00000234a803a080_0, 0, 2;
    %pushi/vec4 0, 0, 1;
    %store/vec4 v00000234a8039fe0_0, 0, 1;
    %pushi/vec4 0, 0, 1;
    %store/vec4 v00000234a803a620_0, 0, 1;
    %jmp T_2.10;
T_2.1 ;
    %pushi/vec4 0, 0, 1;
    %store/vec4 v00000234a803a580_0, 0, 1;
    %pushi/vec4 0, 0, 1;
    %store/vec4 v00000234a803a4e0_0, 0, 1;
    %pushi/vec4 0, 0, 1;
    %store/vec4 v00000234a803a1c0_0, 0, 1;
    %pushi/vec4 0, 0, 1;
    %store/vec4 v00000234a803a260_0, 0, 1;
    %pushi/vec4 0, 0, 1;
    %store/vec4 v00000234a803a300_0, 0, 1;
    %pushi/vec4 0, 0, 1;
    %store/vec4 v00000234a803a3a0_0, 0, 1;
    %pushi/vec4 0, 0, 1;
    %store/vec4 v00000234a803a120_0, 0, 1;
    %pushi/vec4 1, 1, 1;
    %store/vec4 v00000234a803a440_0, 0, 1;
    %pushi/vec4 0, 0, 2;
    %store/vec4 v00000234a80b6cb0_0, 0, 2;
    %pushi/vec4 2, 0, 2;
    %store/vec4 v00000234a803a080_0, 0, 2;
    %pushi/vec4 1, 0, 1;
    %store/vec4 v00000234a8039fe0_0, 0, 1;
    %pushi/vec4 0, 0, 1;
    %store/vec4 v00000234a803a620_0, 0, 1;
    %jmp T_2.10;
T_2.2 ;
    %pushi/vec4 0, 0, 1;
    %store/vec4 v00000234a803a580_0, 0, 1;
    %pushi/vec4 0, 0, 1;
    %store/vec4 v00000234a803a4e0_0, 0, 1;
    %pushi/vec4 0, 0, 1;
    %store/vec4 v00000234a803a1c0_0, 0, 1;
    %pushi/vec4 0, 0, 1;
    %store/vec4 v00000234a803a260_0, 0, 1;
    %pushi/vec4 0, 0, 1;
    %store/vec4 v00000234a803a300_0, 0, 1;
    %pushi/vec4 0, 0, 1;
    %store/vec4 v00000234a803a3a0_0, 0, 1;
    %pushi/vec4 0, 0, 1;
    %store/vec4 v00000234a803a120_0, 0, 1;
    %pushi/vec4 1, 1, 1;
    %store/vec4 v00000234a803a440_0, 0, 1;
    %pushi/vec4 0, 0, 2;
    %store/vec4 v00000234a80b6cb0_0, 0, 2;
    %pushi/vec4 2, 0, 2;
    %store/vec4 v00000234a803a080_0, 0, 2;
    %pushi/vec4 0, 0, 1;
    %store/vec4 v00000234a8039fe0_0, 0, 1;
    %pushi/vec4 0, 0, 1;
    %store/vec4 v00000234a803a620_0, 0, 1;
    %jmp T_2.10;
T_2.3 ;
    %pushi/vec4 0, 0, 1;
    %store/vec4 v00000234a803a580_0, 0, 1;
    %pushi/vec4 0, 0, 1;
    %store/vec4 v00000234a803a4e0_0, 0, 1;
    %pushi/vec4 1, 0, 1;
    %store/vec4 v00000234a803a1c0_0, 0, 1;
    %pushi/vec4 1, 0, 1;
    %store/vec4 v00000234a803a260_0, 0, 1;
    %pushi/vec4 0, 0, 1;
    %store/vec4 v00000234a803a300_0, 0, 1;
    %pushi/vec4 0, 0, 1;
    %store/vec4 v00000234a803a3a0_0, 0, 1;
    %pushi/vec4 0, 0, 1;
    %store/vec4 v00000234a803a120_0, 0, 1;
    %pushi/vec4 1, 1, 1;
    %store/vec4 v00000234a803a440_0, 0, 1;
    %pushi/vec4 0, 0, 2;
    %store/vec4 v00000234a80b6cb0_0, 0, 2;
    %pushi/vec4 3, 3, 2;
    %store/vec4 v00000234a803a080_0, 0, 2;
    %pushi/vec4 0, 0, 1;
    %store/vec4 v00000234a8039fe0_0, 0, 1;
    %pushi/vec4 0, 0, 1;
    %store/vec4 v00000234a803a620_0, 0, 1;
    %jmp T_2.10;
T_2.4 ;
    %pushi/vec4 0, 0, 1;
    %store/vec4 v00000234a803a580_0, 0, 1;
    %pushi/vec4 0, 0, 1;
    %store/vec4 v00000234a803a4e0_0, 0, 1;
    %pushi/vec4 0, 0, 1;
    %store/vec4 v00000234a803a1c0_0, 0, 1;
    %pushi/vec4 0, 0, 1;
    %store/vec4 v00000234a803a260_0, 0, 1;
    %pushi/vec4 0, 0, 1;
    %store/vec4 v00000234a803a300_0, 0, 1;
    %pushi/vec4 1, 0, 1;
    %store/vec4 v00000234a803a3a0_0, 0, 1;
    %pushi/vec4 0, 0, 1;
    %store/vec4 v00000234a803a120_0, 0, 1;
    %pushi/vec4 1, 1, 1;
    %store/vec4 v00000234a803a440_0, 0, 1;
    %pushi/vec4 0, 0, 2;
    %store/vec4 v00000234a80b6cb0_0, 0, 2;
    %pushi/vec4 3, 3, 2;
    %store/vec4 v00000234a803a080_0, 0, 2;
    %pushi/vec4 0, 0, 1;
    %store/vec4 v00000234a8039fe0_0, 0, 1;
    %pushi/vec4 1, 0, 1;
    %store/vec4 v00000234a803a620_0, 0, 1;
    %jmp T_2.10;
T_2.5 ;
    %pushi/vec4 0, 0, 1;
    %store/vec4 v00000234a803a580_0, 0, 1;
    %pushi/vec4 0, 0, 1;
    %store/vec4 v00000234a803a4e0_0, 0, 1;
    %pushi/vec4 1, 0, 1;
    %store/vec4 v00000234a803a1c0_0, 0, 1;
    %pushi/vec4 0, 0, 1;
    %store/vec4 v00000234a803a260_0, 0, 1;
    %pushi/vec4 1, 0, 1;
    %store/vec4 v00000234a803a300_0, 0, 1;
    %pushi/vec4 0, 0, 1;
    %store/vec4 v00000234a803a3a0_0, 0, 1;
    %pushi/vec4 0, 0, 1;
    %store/vec4 v00000234a803a120_0, 0, 1;
    %pushi/vec4 1, 1, 1;
    %store/vec4 v00000234a803a440_0, 0, 1;
    %pushi/vec4 0, 0, 2;
    %store/vec4 v00000234a80b6cb0_0, 0, 2;
    %pushi/vec4 3, 3, 2;
    %store/vec4 v00000234a803a080_0, 0, 2;
    %pushi/vec4 0, 0, 1;
    %store/vec4 v00000234a8039fe0_0, 0, 1;
    %pushi/vec4 0, 0, 1;
    %store/vec4 v00000234a803a620_0, 0, 1;
    %jmp T_2.10;
T_2.6 ;
    %pushi/vec4 0, 0, 1;
    %store/vec4 v00000234a803a580_0, 0, 1;
    %pushi/vec4 0, 0, 1;
    %store/vec4 v00000234a803a4e0_0, 0, 1;
    %pushi/vec4 0, 0, 1;
    %store/vec4 v00000234a803a1c0_0, 0, 1;
    %pushi/vec4 0, 0, 1;
    %store/vec4 v00000234a803a260_0, 0, 1;
    %pushi/vec4 0, 0, 1;
    %store/vec4 v00000234a803a300_0, 0, 1;
    %pushi/vec4 0, 0, 1;
    %store/vec4 v00000234a803a3a0_0, 0, 1;
    %pushi/vec4 0, 0, 1;
    %store/vec4 v00000234a803a120_0, 0, 1;
    %pushi/vec4 1, 1, 1;
    %store/vec4 v00000234a803a440_0, 0, 1;
    %pushi/vec4 2, 0, 2;
    %store/vec4 v00000234a80b6cb0_0, 0, 2;
    %pushi/vec4 0, 0, 2;
    %store/vec4 v00000234a803a080_0, 0, 2;
    %pushi/vec4 0, 0, 1;
    %store/vec4 v00000234a8039fe0_0, 0, 1;
    %pushi/vec4 0, 0, 1;
    %store/vec4 v00000234a803a620_0, 0, 1;
    %jmp T_2.10;
T_2.7 ;
    %pushi/vec4 0, 0, 1;
    %store/vec4 v00000234a803a580_0, 0, 1;
    %pushi/vec4 0, 0, 1;
    %store/vec4 v00000234a803a4e0_0, 0, 1;
    %pushi/vec4 0, 0, 1;
    %store/vec4 v00000234a803a1c0_0, 0, 1;
    %pushi/vec4 0, 0, 1;
    %store/vec4 v00000234a803a260_0, 0, 1;
    %pushi/vec4 0, 0, 1;
    %store/vec4 v00000234a803a300_0, 0, 1;
    %pushi/vec4 0, 0, 1;
    %store/vec4 v00000234a803a3a0_0, 0, 1;
    %pushi/vec4 0, 0, 1;
    %store/vec4 v00000234a803a120_0, 0, 1;
    %pushi/vec4 1, 1, 1;
    %store/vec4 v00000234a803a440_0, 0, 1;
    %pushi/vec4 0, 0, 2;
    %store/vec4 v00000234a80b6cb0_0, 0, 2;
    %pushi/vec4 3, 3, 2;
    %store/vec4 v00000234a803a080_0, 0, 2;
    %pushi/vec4 0, 0, 1;
    %store/vec4 v00000234a8039fe0_0, 0, 1;
    %pushi/vec4 1, 0, 1;
    %store/vec4 v00000234a803a620_0, 0, 1;
    %jmp T_2.10;
T_2.8 ;
    %pushi/vec4 1, 0, 1;
    %store/vec4 v00000234a803a580_0, 0, 1;
    %pushi/vec4 0, 0, 1;
    %store/vec4 v00000234a803a4e0_0, 0, 1;
    %pushi/vec4 0, 0, 1;
    %store/vec4 v00000234a803a1c0_0, 0, 1;
    %pushi/vec4 1, 0, 1;
    %store/vec4 v00000234a803a260_0, 0, 1;
    %pushi/vec4 0, 0, 1;
    %store/vec4 v00000234a803a300_0, 0, 1;
    %pushi/vec4 0, 0, 1;
    %store/vec4 v00000234a803a3a0_0, 0, 1;
    %pushi/vec4 1, 0, 1;
    %store/vec4 v00000234a803a120_0, 0, 1;
    %pushi/vec4 1, 0, 1;
    %store/vec4 v00000234a803a440_0, 0, 1;
    %pushi/vec4 1, 0, 2;
    %store/vec4 v00000234a80b6cb0_0, 0, 2;
    %pushi/vec4 0, 0, 2;
    %store/vec4 v00000234a803a080_0, 0, 2;
    %pushi/vec4 0, 0, 1;
    %store/vec4 v00000234a8039fe0_0, 0, 1;
    %pushi/vec4 0, 0, 1;
    %store/vec4 v00000234a803a620_0, 0, 1;
    %jmp T_2.10;
T_2.9 ;
    %pushi/vec4 0, 0, 1;
    %store/vec4 v00000234a803a580_0, 0, 1;
    %pushi/vec4 0, 0, 1;
    %store/vec4 v00000234a803a4e0_0, 0, 1;
    %pushi/vec4 0, 0, 1;
    %store/vec4 v00000234a803a1c0_0, 0, 1;
    %pushi/vec4 0, 0, 1;
    %store/vec4 v00000234a803a260_0, 0, 1;
    %pushi/vec4 0, 0, 1;
    %store/vec4 v00000234a803a300_0, 0, 1;
    %pushi/vec4 0, 0, 1;
    %store/vec4 v00000234a803a3a0_0, 0, 1;
    %pushi/vec4 0, 0, 1;
    %store/vec4 v00000234a803a120_0, 0, 1;
    %pushi/vec4 1, 1, 1;
    %store/vec4 v00000234a803a440_0, 0, 1;
    %pushi/vec4 2, 0, 2;
    %store/vec4 v00000234a80b6cb0_0, 0, 2;
    %pushi/vec4 2, 0, 2;
    %store/vec4 v00000234a803a080_0, 0, 2;
    %pushi/vec4 1, 0, 1;
    %store/vec4 v00000234a8039fe0_0, 0, 1;
    %pushi/vec4 0, 0, 1;
    %store/vec4 v00000234a803a620_0, 0, 1;
    %jmp T_2.10;
T_2.10 ;
    %pop/vec4 1;
    %jmp T_2;
    .thread T_2, $push;
# The file index is used to find the file name in the following table.
:file_names 3;
    "N/A";
    "<interactive>";
    "ControlFSM.v";
