#! /c/Source/iverilog-install/bin/vvp
:ivl_version "12.0 (devel)" "(s20150603-1539-g2693dd32b)";
:ivl_delay_selection "TYPICAL";
:vpi_time_precision + 0;
:vpi_module "C:\iverilog\lib\ivl\system.vpi";
:vpi_module "C:\iverilog\lib\ivl\vhdl_sys.vpi";
:vpi_module "C:\iverilog\lib\ivl\vhdl_textio.vpi";
:vpi_module "C:\iverilog\lib\ivl\v2005_math.vpi";
:vpi_module "C:\iverilog\lib\ivl\va_math.vpi";
S_000001ee947b6910 .scope module, "ImmGen" "ImmGen" 2 1;
 .timescale 0 0;
    .port_info 0 /INPUT 7 "op";
    .port_info 1 /INPUT 32 "instr";
    .port_info 2 /OUTPUT 32 "imm_out";
v000001ee947bee80_0 .var "imm_out", 31 0;
o000001ee946f6fd8 .functor BUFZ 32, C4<zzzzzzzzzzzzzzzzzzzzzzzzzzzzzzzz>; HiZ drive
v000001ee947bef20_0 .net "instr", 31 0, o000001ee946f6fd8;  0 drivers
o000001ee946f7008 .functor BUFZ 7, C4<zzzzzzz>; HiZ drive
v000001ee947b6aa0_0 .net "op", 6 0, o000001ee946f7008;  0 drivers
E_000001ee947bce30 .event anyedge, v000001ee947b6aa0_0, v000001ee947bef20_0;
    .scope S_000001ee947b6910;
T_0 ;
    %wait E_000001ee947bce30;
    %load/vec4 v000001ee947b6aa0_0;
    %dup/vec4;
    %pushi/vec4 3, 0, 7;
    %cmp/u;
    %jmp/1 T_0.0, 6;
    %dup/vec4;
    %pushi/vec4 19, 0, 7;
    %cmp/u;
    %jmp/1 T_0.1, 6;
    %dup/vec4;
    %pushi/vec4 35, 0, 7;
    %cmp/u;
    %jmp/1 T_0.2, 6;
    %dup/vec4;
    %pushi/vec4 99, 0, 7;
    %cmp/u;
    %jmp/1 T_0.3, 6;
    %jmp T_0.4;
T_0.0 ;
    %load/vec4 v000001ee947bef20_0;
    %parti/s 1, 31, 6;
    %replicate 20;
    %load/vec4 v000001ee947bef20_0;
    %parti/s 12, 20, 6;
    %concat/vec4; draw_concat_vec4
    %assign/vec4 v000001ee947bee80_0, 0;
    %jmp T_0.4;
T_0.1 ;
    %load/vec4 v000001ee947bef20_0;
    %parti/s 1, 31, 6;
    %replicate 20;
    %load/vec4 v000001ee947bef20_0;
    %parti/s 12, 20, 6;
    %concat/vec4; draw_concat_vec4
    %assign/vec4 v000001ee947bee80_0, 0;
    %jmp T_0.4;
T_0.2 ;
    %load/vec4 v000001ee947bef20_0;
    %parti/s 1, 31, 6;
    %replicate 20;
    %load/vec4 v000001ee947bef20_0;
    %parti/s 7, 25, 6;
    %concat/vec4; draw_concat_vec4
    %load/vec4 v000001ee947bef20_0;
    %parti/s 5, 7, 4;
    %concat/vec4; draw_concat_vec4
    %assign/vec4 v000001ee947bee80_0, 0;
    %jmp T_0.4;
T_0.3 ;
    %load/vec4 v000001ee947bef20_0;
    %parti/s 1, 31, 6;
    %replicate 19;
    %load/vec4 v000001ee947bef20_0;
    %parti/s 1, 31, 6;
    %concat/vec4; draw_concat_vec4
    %load/vec4 v000001ee947bef20_0;
    %parti/s 6, 25, 6;
    %concat/vec4; draw_concat_vec4
    %load/vec4 v000001ee947bef20_0;
    %parti/s 4, 8, 5;
    %concat/vec4; draw_concat_vec4
    %concati/vec4 0, 0, 1;
    %pad/u 32;
    %assign/vec4 v000001ee947bee80_0, 0;
    %jmp T_0.4;
T_0.4 ;
    %pop/vec4 1;
    %jmp T_0;
    .thread T_0, $push;
# The file index is used to find the file name in the following table.
:file_names 3;
    "N/A";
    "<interactive>";
    "ImmGen.v";
