#! /c/Source/iverilog-install/bin/vvp
:ivl_version "12.0 (devel)" "(s20150603-1539-g2693dd32b)";
:ivl_delay_selection "TYPICAL";
:vpi_time_precision + 0;
:vpi_module "C:\iverilog\lib\ivl\system.vpi";
:vpi_module "C:\iverilog\lib\ivl\vhdl_sys.vpi";
:vpi_module "C:\iverilog\lib\ivl\vhdl_textio.vpi";
:vpi_module "C:\iverilog\lib\ivl\v2005_math.vpi";
:vpi_module "C:\iverilog\lib\ivl\va_math.vpi";
S_000001d5b2106dd0 .scope module, "InstructionReg" "InstructionReg" 2 1;
 .timescale 0 0;
    .port_info 0 /INPUT 1 "clk";
    .port_info 1 /INPUT 1 "rst";
    .port_info 2 /INPUT 1 "IRWrite";
    .port_info 3 /INPUT 32 "instr_in";
    .port_info 4 /OUTPUT 32 "instr_out";
o000001d5b2106f68 .functor BUFZ 1, C4<z>; HiZ drive
v000001d5b21d6480_0 .net "IRWrite", 0 0, o000001d5b2106f68;  0 drivers
o000001d5b2106f98 .functor BUFZ 1, C4<z>; HiZ drive
v000001d5b21ddfe0_0 .net "clk", 0 0, o000001d5b2106f98;  0 drivers
o000001d5b2106fc8 .functor BUFZ 32, C4<zzzzzzzzzzzzzzzzzzzzzzzzzzzzzzzz>; HiZ drive
v000001d5b21de080_0 .net "instr_in", 31 0, o000001d5b2106fc8;  0 drivers
v000001d5b21de120_0 .var "instr_out", 31 0;
o000001d5b2107028 .functor BUFZ 1, C4<z>; HiZ drive
v000001d5b21de1c0_0 .net "rst", 0 0, o000001d5b2107028;  0 drivers
E_000001d5b2104990 .event posedge, v000001d5b21de1c0_0, v000001d5b21ddfe0_0;
    .scope S_000001d5b2106dd0;
T_0 ;
    %wait E_000001d5b2104990;
    %load/vec4 v000001d5b21de1c0_0;
    %flag_set/vec4 8;
    %jmp/0xz  T_0.0, 8;
    %pushi/vec4 0, 0, 32;
    %assign/vec4 v000001d5b21de120_0, 0;
    %jmp T_0.1;
T_0.0 ;
    %load/vec4 v000001d5b21de080_0;
    %assign/vec4 v000001d5b21de120_0, 0;
T_0.1 ;
    %jmp T_0;
    .thread T_0;
# The file index is used to find the file name in the following table.
:file_names 3;
    "N/A";
    "<interactive>";
    "InstructionReg.v";
