#! /c/Source/iverilog-install/bin/vvp
:ivl_version "12.0 (devel)" "(s20150603-1539-g2693dd32b)";
:ivl_delay_selection "TYPICAL";
:vpi_time_precision + 0;
:vpi_module "C:\iverilog\lib\ivl\system.vpi";
:vpi_module "C:\iverilog\lib\ivl\vhdl_sys.vpi";
:vpi_module "C:\iverilog\lib\ivl\vhdl_textio.vpi";
:vpi_module "C:\iverilog\lib\ivl\v2005_math.vpi";
:vpi_module "C:\iverilog\lib\ivl\va_math.vpi";
S_000001c5ad3a6590 .scope module, "MemDataReg" "MemDataReg" 2 1;
 .timescale 0 0;
    .port_info 0 /INPUT 1 "clk";
    .port_info 1 /INPUT 1 "rst";
    .port_info 2 /INPUT 32 "data_in";
    .port_info 3 /OUTPUT 32 "data_out";
o000001c5ad276a08 .functor BUFZ 1, C4<z>; HiZ drive
v000001c5ad3a6720_0 .net "clk", 0 0, o000001c5ad276a08;  0 drivers
o000001c5ad276a38 .functor BUFZ 32, C4<zzzzzzzzzzzzzzzzzzzzzzzzzzzzzzzz>; HiZ drive
v000001c5ad3a67c0_0 .net "data_in", 31 0, o000001c5ad276a38;  0 drivers
v000001c5ad3a6860_0 .var "data_out", 31 0;
o000001c5ad276a98 .functor BUFZ 1, C4<z>; HiZ drive
v000001c5ad3ad7d0_0 .net "rst", 0 0, o000001c5ad276a98;  0 drivers
E_000001c5ad274b90 .event posedge, v000001c5ad3ad7d0_0, v000001c5ad3a6720_0;
    .scope S_000001c5ad3a6590;
T_0 ;
    %wait E_000001c5ad274b90;
    %load/vec4 v000001c5ad3ad7d0_0;
    %flag_set/vec4 8;
    %jmp/0xz  T_0.0, 8;
    %pushi/vec4 0, 0, 32;
    %assign/vec4 v000001c5ad3a6860_0, 0;
    %jmp T_0.1;
T_0.0 ;
    %load/vec4 v000001c5ad3a67c0_0;
    %assign/vec4 v000001c5ad3a6860_0, 0;
T_0.1 ;
    %jmp T_0;
    .thread T_0;
# The file index is used to find the file name in the following table.
:file_names 3;
    "N/A";
    "<interactive>";
    "MemDataReg.v";
