#! /c/Source/iverilog-install/bin/vvp
:ivl_version "12.0 (devel)" "(s20150603-1539-g2693dd32b)";
:ivl_delay_selection "TYPICAL";
:vpi_time_precision + 0;
:vpi_module "C:\iverilog\lib\ivl\system.vpi";
:vpi_module "C:\iverilog\lib\ivl\vhdl_sys.vpi";
:vpi_module "C:\iverilog\lib\ivl\vhdl_textio.vpi";
:vpi_module "C:\iverilog\lib\ivl\v2005_math.vpi";
:vpi_module "C:\iverilog\lib\ivl\va_math.vpi";
S_000001d6994dbb70 .scope module, "memory" "memory" 2 1;
 .timescale 0 0;
    .port_info 0 /INPUT 1 "clk";
    .port_info 1 /INPUT 1 "WrEn";
    .port_info 2 /INPUT 1 "RdEn";
    .port_info 3 /INPUT 32 "addr";
    .port_info 4 /INPUT 32 "WrData";
    .port_info 5 /OUTPUT 32 "MemData";
o000001d699526fd8 .functor BUFZ 1, C4<z>; HiZ drive
L_000001d69956c038 .functor BUFT 1, C4<1>, C4<0>, C4<0>, C4<0>;
L_000001d699523ed0 .functor XNOR 1, o000001d699526fd8, L_000001d69956c038, C4<0>, C4<0>;
v000001d6994dbd00_0 .net "MemData", 31 0, L_000001d6995b4bd0;  1 drivers
v000001d6994d6d10_0 .net "RdEn", 0 0, o000001d699526fd8;  0 drivers
o000001d699527008 .functor BUFZ 32, C4<zzzzzzzzzzzzzzzzzzzzzzzzzzzzzzzz>; HiZ drive
v000001d6994dbda0_0 .net "WrData", 31 0, o000001d699527008;  0 drivers
o000001d699527038 .functor BUFZ 1, C4<z>; HiZ drive
v000001d6994dbe40_0 .net "WrEn", 0 0, o000001d699527038;  0 drivers
v000001d6994dbee0_0 .net/2u *"_ivl_0", 0 0, L_000001d69956c038;  1 drivers
v000001d699523b10_0 .net *"_ivl_2", 0 0, L_000001d699523ed0;  1 drivers
v000001d699523bb0_0 .net *"_ivl_4", 31 0, L_000001d6995b4270;  1 drivers
L_000001d69956c080 .functor BUFT 1, C4<00000000000000000000000000000000>, C4<0>, C4<0>, C4<0>;
v000001d699523c50_0 .net/2u *"_ivl_6", 31 0, L_000001d69956c080;  1 drivers
o000001d699527128 .functor BUFZ 32, C4<zzzzzzzzzzzzzzzzzzzzzzzzzzzzzzzz>; HiZ drive
v000001d699523cf0_0 .net "addr", 31 0, o000001d699527128;  0 drivers
o000001d699527158 .functor BUFZ 1, C4<z>; HiZ drive
v000001d699523d90_0 .net "clk", 0 0, o000001d699527158;  0 drivers
v000001d699523e30 .array "ram", 0 63, 31 0;
E_000001d6994da8e0 .event posedge, v000001d699523d90_0;
L_000001d6995b4270 .array/port v000001d699523e30, o000001d699527128;
L_000001d6995b4bd0 .functor MUXZ 32, L_000001d69956c080, L_000001d6995b4270, L_000001d699523ed0, C4<>;
    .scope S_000001d6994dbb70;
T_0 ;
    %pushi/vec4 0, 0, 32;
    %ix/load 3, 0, 0;
    %flag_set/imm 4, 0;
    %ix/load 4, 0, 0; Constant delay
    %assign/vec4/a/d v000001d699523e30, 0, 4;
    %pushi/vec4 26740403, 0, 32;
    %ix/load 3, 4, 0;
    %flag_set/imm 4, 0;
    %ix/load 4, 0, 0; Constant delay
    %assign/vec4/a/d v000001d699523e30, 0, 4;
    %pushi/vec4 1077150387, 0, 32;
    %ix/load 3, 8, 0;
    %flag_set/imm 4, 0;
    %ix/load 4, 0, 0; Constant delay
    %assign/vec4/a/d v000001d699523e30, 0, 4;
    %pushi/vec4 3240115, 0, 32;
    %ix/load 3, 12, 0;
    %flag_set/imm 4, 0;
    %ix/load 4, 0, 0; Constant delay
    %assign/vec4/a/d v000001d699523e30, 0, 4;
    %pushi/vec4 5366323, 0, 32;
    %ix/load 3, 16, 0;
    %flag_set/imm 4, 0;
    %ix/load 4, 0, 0; Constant delay
    %assign/vec4/a/d v000001d699523e30, 0, 4;
    %pushi/vec4 3836691, 0, 32;
    %ix/load 3, 20, 0;
    %flag_set/imm 4, 0;
    %ix/load 4, 0, 0; Constant delay
    %assign/vec4/a/d v000001d699523e30, 0, 4;
    %pushi/vec4 1336467, 0, 32;
    %ix/load 3, 24, 0;
    %flag_set/imm 4, 0;
    %ix/load 4, 0, 0; Constant delay
    %assign/vec4/a/d v000001d699523e30, 0, 4;
    %pushi/vec4 5436419, 28672, 32;
    %ix/load 3, 28, 0;
    %flag_set/imm 4, 0;
    %ix/load 4, 0, 0; Constant delay
    %assign/vec4/a/d v000001d699523e30, 0, 4;
    %pushi/vec4 4322435, 28672, 32;
    %ix/load 3, 32, 0;
    %flag_set/imm 4, 0;
    %ix/load 4, 0, 0; Constant delay
    %assign/vec4/a/d v000001d699523e30, 0, 4;
    %pushi/vec4 69, 0, 32;
    %ix/load 3, 10, 0;
    %flag_set/imm 4, 0;
    %ix/load 4, 0, 0; Constant delay
    %assign/vec4/a/d v000001d699523e30, 0, 4;
    %pushi/vec4 9, 0, 32;
    %ix/load 3, 11, 0;
    %flag_set/imm 4, 0;
    %ix/load 4, 0, 0; Constant delay
    %assign/vec4/a/d v000001d699523e30, 0, 4;
    %end;
    .thread T_0;
    .scope S_000001d6994dbb70;
T_1 ;
    %wait E_000001d6994da8e0;
    %load/vec4 v000001d6994dbe40_0;
    %flag_set/vec4 8;
    %jmp/0xz  T_1.0, 8;
    %load/vec4 v000001d6994dbda0_0;
    %ix/getv 3, v000001d699523cf0_0;
    %ix/load 4, 0, 0; Constant delay
    %assign/vec4/a/d v000001d699523e30, 0, 4;
T_1.0 ;
    %jmp T_1;
    .thread T_1;
# The file index is used to find the file name in the following table.
:file_names 3;
    "N/A";
    "<interactive>";
    "Memory.v";
