#! /c/Source/iverilog-install/bin/vvp
:ivl_version "12.0 (devel)" "(s20150603-1539-g2693dd32b)";
:ivl_delay_selection "TYPICAL";
:vpi_time_precision + 0;
:vpi_module "C:\iverilog\lib\ivl\system.vpi";
:vpi_module "C:\iverilog\lib\ivl\vhdl_sys.vpi";
:vpi_module "C:\iverilog\lib\ivl\vhdl_textio.vpi";
:vpi_module "C:\iverilog\lib\ivl\v2005_math.vpi";
:vpi_module "C:\iverilog\lib\ivl\va_math.vpi";
S_000001f8fb2d9da0 .scope module, "Mux1" "Mux1" 2 1;
 .timescale 0 0;
    .port_info 0 /INPUT 1 "sel";
    .port_info 1 /INPUT 32 "i1";
    .port_info 2 /INPUT 32 "i2";
    .port_info 3 /OUTPUT 32 "out";
o000001f8fb2dd128 .functor BUFZ 1, C4<z>; HiZ drive
L_000001f8fb330018 .functor BUFT 1, C4<0>, C4<0>, C4<0>, C4<0>;
L_000001f8fb0169e0 .functor XNOR 1, o000001f8fb2dd128, L_000001f8fb330018, C4<0>, C4<0>;
L_000001f8fb330060 .functor BUFT 1, C4<1>, C4<0>, C4<0>, C4<0>;
L_000001f8fb2d5b00 .functor XNOR 1, o000001f8fb2dd128, L_000001f8fb330060, C4<0>, C4<0>;
v000001f8fb2ca720_0 .net/2u *"_ivl_0", 0 0, L_000001f8fb330018;  1 drivers
v000001f8fb2c9dc0_0 .net *"_ivl_10", 31 0, L_000001f8fb3271c0;  1 drivers
v000001f8fb2ca7c0_0 .net *"_ivl_2", 0 0, L_000001f8fb0169e0;  1 drivers
v000001f8fb2caa40_0 .net/2u *"_ivl_4", 0 0, L_000001f8fb330060;  1 drivers
v000001f8fb2ca860_0 .net *"_ivl_6", 0 0, L_000001f8fb2d5b00;  1 drivers
L_000001f8fb3300a8 .functor BUFT 1, C4<00000000000000000000000000000000>, C4<0>, C4<0>, C4<0>;
v000001f8fb2c9d20_0 .net/2u *"_ivl_8", 31 0, L_000001f8fb3300a8;  1 drivers
o000001f8fb2dd098 .functor BUFZ 32, C4<zzzzzzzzzzzzzzzzzzzzzzzzzzzzzzzz>; HiZ drive
v000001f8fb2c9c80_0 .net "i1", 31 0, o000001f8fb2dd098;  0 drivers
o000001f8fb2dd0c8 .functor BUFZ 32, C4<zzzzzzzzzzzzzzzzzzzzzzzzzzzzzzzz>; HiZ drive
v000001f8fb327760_0 .net "i2", 31 0, o000001f8fb2dd0c8;  0 drivers
v000001f8fb326f40_0 .net "out", 31 0, L_000001f8fb327580;  1 drivers
v000001f8fb3276c0_0 .net "sel", 0 0, o000001f8fb2dd128;  0 drivers
L_000001f8fb3271c0 .functor MUXZ 32, L_000001f8fb3300a8, o000001f8fb2dd0c8, L_000001f8fb2d5b00, C4<>;
L_000001f8fb327580 .functor MUXZ 32, L_000001f8fb3271c0, o000001f8fb2dd098, L_000001f8fb0169e0, C4<>;
S_000001f8fb2d9f30 .scope module, "Mux2" "Mux2" 2 9;
 .timescale 0 0;
    .port_info 0 /INPUT 1 "sel";
    .port_info 1 /INPUT 32 "i1";
    .port_info 2 /INPUT 32 "i2";
    .port_info 3 /OUTPUT 32 "out";
o000001f8fb2dd3c8 .functor BUFZ 1, C4<z>; HiZ drive
L_000001f8fb3300f0 .functor BUFT 1, C4<0>, C4<0>, C4<0>, C4<0>;
L_000001f8fb016f90 .functor XNOR 1, o000001f8fb2dd3c8, L_000001f8fb3300f0, C4<0>, C4<0>;
L_000001f8fb330138 .functor BUFT 1, C4<1>, C4<0>, C4<0>, C4<0>;
L_000001f8fb0170f0 .functor XNOR 1, o000001f8fb2dd3c8, L_000001f8fb330138, C4<0>, C4<0>;
v000001f8fb327da0_0 .net/2u *"_ivl_0", 0 0, L_000001f8fb3300f0;  1 drivers
v000001f8fb326d60_0 .net *"_ivl_10", 31 0, L_000001f8fb327300;  1 drivers
v000001f8fb3264a0_0 .net *"_ivl_2", 0 0, L_000001f8fb016f90;  1 drivers
v000001f8fb326400_0 .net/2u *"_ivl_4", 0 0, L_000001f8fb330138;  1 drivers
v000001f8fb327e40_0 .net *"_ivl_6", 0 0, L_000001f8fb0170f0;  1 drivers
L_000001f8fb330180 .functor BUFT 1, C4<00000000000000000000000000000000>, C4<0>, C4<0>, C4<0>;
v000001f8fb327800_0 .net/2u *"_ivl_8", 31 0, L_000001f8fb330180;  1 drivers
o000001f8fb2dd338 .functor BUFZ 32, C4<zzzzzzzzzzzzzzzzzzzzzzzzzzzzzzzz>; HiZ drive
v000001f8fb327620_0 .net "i1", 31 0, o000001f8fb2dd338;  0 drivers
o000001f8fb2dd368 .functor BUFZ 32, C4<zzzzzzzzzzzzzzzzzzzzzzzzzzzzzzzz>; HiZ drive
v000001f8fb326540_0 .net "i2", 31 0, o000001f8fb2dd368;  0 drivers
v000001f8fb326e00_0 .net "out", 31 0, L_000001f8fb389090;  1 drivers
v000001f8fb327b20_0 .net "sel", 0 0, o000001f8fb2dd3c8;  0 drivers
L_000001f8fb327300 .functor MUXZ 32, L_000001f8fb330180, o000001f8fb2dd368, L_000001f8fb0170f0, C4<>;
L_000001f8fb389090 .functor MUXZ 32, L_000001f8fb327300, o000001f8fb2dd338, L_000001f8fb016f90, C4<>;
S_000001f8fb01ea30 .scope module, "Mux3" "Mux3" 2 17;
 .timescale 0 0;
    .port_info 0 /INPUT 1 "sel";
    .port_info 1 /INPUT 32 "i1";
    .port_info 2 /INPUT 32 "i2";
    .port_info 3 /OUTPUT 32 "out";
o000001f8fb2dd668 .functor BUFZ 1, C4<z>; HiZ drive
L_000001f8fb3301c8 .functor BUFT 1, C4<0>, C4<0>, C4<0>, C4<0>;
L_000001f8fb01ed50 .functor XNOR 1, o000001f8fb2dd668, L_000001f8fb3301c8, C4<0>, C4<0>;
L_000001f8fb330210 .functor BUFT 1, C4<1>, C4<0>, C4<0>, C4<0>;
L_000001f8fb01edc0 .functor XNOR 1, o000001f8fb2dd668, L_000001f8fb330210, C4<0>, C4<0>;
v000001f8fb326ea0_0 .net/2u *"_ivl_0", 0 0, L_000001f8fb3301c8;  1 drivers
v000001f8fb327260_0 .net *"_ivl_10", 31 0, L_000001f8fb389e50;  1 drivers
v000001f8fb326360_0 .net *"_ivl_2", 0 0, L_000001f8fb01ed50;  1 drivers
v000001f8fb327ee0_0 .net/2u *"_ivl_4", 0 0, L_000001f8fb330210;  1 drivers
v000001f8fb3265e0_0 .net *"_ivl_6", 0 0, L_000001f8fb01edc0;  1 drivers
L_000001f8fb330258 .functor BUFT 1, C4<00000000000000000000000000000000>, C4<0>, C4<0>, C4<0>;
v000001f8fb326680_0 .net/2u *"_ivl_8", 31 0, L_000001f8fb330258;  1 drivers
o000001f8fb2dd5d8 .functor BUFZ 32, C4<zzzzzzzzzzzzzzzzzzzzzzzzzzzzzzzz>; HiZ drive
v000001f8fb326040_0 .net "i1", 31 0, o000001f8fb2dd5d8;  0 drivers
o000001f8fb2dd608 .functor BUFZ 32, C4<zzzzzzzzzzzzzzzzzzzzzzzzzzzzzzzz>; HiZ drive
v000001f8fb3278a0_0 .net "i2", 31 0, o000001f8fb2dd608;  0 drivers
v000001f8fb327940_0 .net "out", 31 0, L_000001f8fb38a0d0;  1 drivers
v000001f8fb327c60_0 .net "sel", 0 0, o000001f8fb2dd668;  0 drivers
L_000001f8fb389e50 .functor MUXZ 32, L_000001f8fb330258, o000001f8fb2dd608, L_000001f8fb01edc0, C4<>;
L_000001f8fb38a0d0 .functor MUXZ 32, L_000001f8fb389e50, o000001f8fb2dd5d8, L_000001f8fb01ed50, C4<>;
S_000001f8fb01ebc0 .scope module, "Mux4" "Mux4" 2 25;
 .timescale 0 0;
    .port_info 0 /INPUT 2 "sel";
    .port_info 1 /INPUT 32 "i1";
    .port_info 2 /INPUT 32 "i2";
    .port_info 3 /INPUT 32 "i3";
    .port_info 4 /OUTPUT 32 "out";
L_000001f8fb3302a0 .functor BUFT 1, C4<00>, C4<0>, C4<0>, C4<0>;
v000001f8fb326720_0 .net/2u *"_ivl_0", 1 0, L_000001f8fb3302a0;  1 drivers
v000001f8fb3279e0_0 .net *"_ivl_10", 0 0, L_000001f8fb389a90;  1 drivers
L_000001f8fb330378 .functor BUFT 1, C4<00000000000000000000000000000000>, C4<0>, C4<0>, C4<0>;
v000001f8fb327a80_0 .net/2u *"_ivl_12", 31 0, L_000001f8fb330378;  1 drivers
v000001f8fb326860_0 .net *"_ivl_14", 31 0, L_000001f8fb389b30;  1 drivers
v000001f8fb326b80_0 .net *"_ivl_16", 31 0, L_000001f8fb38a350;  1 drivers
v000001f8fb327bc0_0 .net *"_ivl_2", 0 0, L_000001f8fb38af30;  1 drivers
L_000001f8fb3302e8 .functor BUFT 1, C4<01>, C4<0>, C4<0>, C4<0>;
v000001f8fb3273a0_0 .net/2u *"_ivl_4", 1 0, L_000001f8fb3302e8;  1 drivers
v000001f8fb3267c0_0 .net *"_ivl_6", 0 0, L_000001f8fb3893b0;  1 drivers
L_000001f8fb330330 .functor BUFT 1, C4<10>, C4<0>, C4<0>, C4<0>;
v000001f8fb326900_0 .net/2u *"_ivl_8", 1 0, L_000001f8fb330330;  1 drivers
o000001f8fb2dd908 .functor BUFZ 32, C4<zzzzzzzzzzzzzzzzzzzzzzzzzzzzzzzz>; HiZ drive
v000001f8fb327440_0 .net "i1", 31 0, o000001f8fb2dd908;  0 drivers
o000001f8fb2dd938 .functor BUFZ 32, C4<zzzzzzzzzzzzzzzzzzzzzzzzzzzzzzzz>; HiZ drive
v000001f8fb327d00_0 .net "i2", 31 0, o000001f8fb2dd938;  0 drivers
o000001f8fb2dd968 .functor BUFZ 32, C4<zzzzzzzzzzzzzzzzzzzzzzzzzzzzzzzz>; HiZ drive
v000001f8fb3260e0_0 .net "i3", 31 0, o000001f8fb2dd968;  0 drivers
v000001f8fb326180_0 .net "out", 31 0, L_000001f8fb38a530;  1 drivers
o000001f8fb2dd9c8 .functor BUFZ 2, C4<zz>; HiZ drive
v000001f8fb326220_0 .net "sel", 1 0, o000001f8fb2dd9c8;  0 drivers
L_000001f8fb38af30 .cmp/eq 2, o000001f8fb2dd9c8, L_000001f8fb3302a0;
L_000001f8fb3893b0 .cmp/eq 2, o000001f8fb2dd9c8, L_000001f8fb3302e8;
L_000001f8fb389a90 .cmp/eq 2, o000001f8fb2dd9c8, L_000001f8fb330330;
L_000001f8fb389b30 .functor MUXZ 32, L_000001f8fb330378, o000001f8fb2dd968, L_000001f8fb389a90, C4<>;
L_000001f8fb38a350 .functor MUXZ 32, L_000001f8fb389b30, o000001f8fb2dd938, L_000001f8fb3893b0, C4<>;
L_000001f8fb38a530 .functor MUXZ 32, L_000001f8fb38a350, o000001f8fb2dd908, L_000001f8fb38af30, C4<>;
S_000001f8fb01d800 .scope module, "Mux5" "Mux5" 2 35;
 .timescale 0 0;
    .port_info 0 /INPUT 1 "sel";
    .port_info 1 /INPUT 32 "i1";
    .port_info 2 /INPUT 32 "i2";
    .port_info 3 /OUTPUT 32 "out";
o000001f8fb2ddc98 .functor BUFZ 1, C4<z>; HiZ drive
L_000001f8fb3303c0 .functor BUFT 1, C4<0>, C4<0>, C4<0>, C4<0>;
L_000001f8fb01ee30 .functor XNOR 1, o000001f8fb2ddc98, L_000001f8fb3303c0, C4<0>, C4<0>;
L_000001f8fb330408 .functor BUFT 1, C4<1>, C4<0>, C4<0>, C4<0>;
L_000001f8fb2d44e0 .functor XNOR 1, o000001f8fb2ddc98, L_000001f8fb330408, C4<0>, C4<0>;
v000001f8fb326fe0_0 .net/2u *"_ivl_0", 0 0, L_000001f8fb3303c0;  1 drivers
v000001f8fb3262c0_0 .net *"_ivl_10", 31 0, L_000001f8fb38ac10;  1 drivers
v000001f8fb3269a0_0 .net *"_ivl_2", 0 0, L_000001f8fb01ee30;  1 drivers
v000001f8fb327080_0 .net/2u *"_ivl_4", 0 0, L_000001f8fb330408;  1 drivers
v000001f8fb326a40_0 .net *"_ivl_6", 0 0, L_000001f8fb2d44e0;  1 drivers
L_000001f8fb330450 .functor BUFT 1, C4<00000000000000000000000000000000>, C4<0>, C4<0>, C4<0>;
v000001f8fb326ae0_0 .net/2u *"_ivl_8", 31 0, L_000001f8fb330450;  1 drivers
o000001f8fb2ddc08 .functor BUFZ 32, C4<zzzzzzzzzzzzzzzzzzzzzzzzzzzzzzzz>; HiZ drive
v000001f8fb326c20_0 .net "i1", 31 0, o000001f8fb2ddc08;  0 drivers
o000001f8fb2ddc38 .functor BUFZ 32, C4<zzzzzzzzzzzzzzzzzzzzzzzzzzzzzzzz>; HiZ drive
v000001f8fb327120_0 .net "i2", 31 0, o000001f8fb2ddc38;  0 drivers
v000001f8fb3274e0_0 .net "out", 31 0, L_000001f8fb38a170;  1 drivers
v000001f8fb326cc0_0 .net "sel", 0 0, o000001f8fb2ddc98;  0 drivers
L_000001f8fb38ac10 .functor MUXZ 32, L_000001f8fb330450, o000001f8fb2ddc38, L_000001f8fb2d44e0, C4<>;
L_000001f8fb38a170 .functor MUXZ 32, L_000001f8fb38ac10, o000001f8fb2ddc08, L_000001f8fb01ee30, C4<>;
# The file index is used to find the file name in the following table.
:file_names 3;
    "N/A";
    "<interactive>";
    "Muxes.v";
