#! /c/Source/iverilog-install/bin/vvp
:ivl_version "12.0 (devel)" "(s20150603-1539-g2693dd32b)";
:ivl_delay_selection "TYPICAL";
:vpi_time_precision + 0;
:vpi_module "C:\iverilog\lib\ivl\system.vpi";
:vpi_module "C:\iverilog\lib\ivl\vhdl_sys.vpi";
:vpi_module "C:\iverilog\lib\ivl\vhdl_textio.vpi";
:vpi_module "C:\iverilog\lib\ivl\v2005_math.vpi";
:vpi_module "C:\iverilog\lib\ivl\va_math.vpi";
S_000001b446536da0 .scope module, "Program_Counter" "Program_Counter" 2 1;
 .timescale 0 0;
    .port_info 0 /INPUT 1 "clk";
    .port_info 1 /INPUT 1 "reset";
    .port_info 2 /INPUT 1 "en";
    .port_info 3 /INPUT 32 "PC_in";
    .port_info 4 /OUTPUT 32 "PC_out";
o000001b446536fd8 .functor BUFZ 32, C4<zzzzzzzzzzzzzzzzzzzzzzzzzzzzzzzz>; HiZ drive
v000001b446536f30_0 .net "PC_in", 31 0, o000001b446536fd8;  0 drivers
v000001b446636d10_0 .var "PC_out", 31 0;
o000001b446537038 .functor BUFZ 1, C4<z>; HiZ drive
v000001b44663e870_0 .net "clk", 0 0, o000001b446537038;  0 drivers
o000001b446537068 .functor BUFZ 1, C4<z>; HiZ drive
v000001b44663e910_0 .net "en", 0 0, o000001b446537068;  0 drivers
o000001b446537098 .functor BUFZ 1, C4<z>; HiZ drive
v000001b44663e9b0_0 .net "reset", 0 0, o000001b446537098;  0 drivers
E_000001b4465346d0 .event posedge, v000001b44663e9b0_0, v000001b44663e870_0;
    .scope S_000001b446536da0;
T_0 ;
    %wait E_000001b4465346d0;
    %load/vec4 v000001b44663e9b0_0;
    %flag_set/vec4 8;
    %jmp/0xz  T_0.0, 8;
    %pushi/vec4 0, 0, 32;
    %assign/vec4 v000001b446636d10_0, 0;
    %jmp T_0.1;
T_0.0 ;
    %load/vec4 v000001b44663e910_0;
    %flag_set/vec4 8;
    %jmp/0xz  T_0.2, 8;
    %load/vec4 v000001b446536f30_0;
    %assign/vec4 v000001b446636d10_0, 0;
T_0.2 ;
T_0.1 ;
    %jmp T_0;
    .thread T_0;
# The file index is used to find the file name in the following table.
:file_names 3;
    "N/A";
    "<interactive>";
    "ProgramCounter.v";
