#! /c/Source/iverilog-install/bin/vvp
:ivl_version "12.0 (devel)" "(s20150603-1539-g2693dd32b)";
:ivl_delay_selection "TYPICAL";
:vpi_time_precision + 0;
:vpi_module "C:\iverilog\lib\ivl\system.vpi";
:vpi_module "C:\iverilog\lib\ivl\vhdl_sys.vpi";
:vpi_module "C:\iverilog\lib\ivl\vhdl_textio.vpi";
:vpi_module "C:\iverilog\lib\ivl\v2005_math.vpi";
:vpi_module "C:\iverilog\lib\ivl\va_math.vpi";
S_000001d67b326a20 .scope module, "RegistersBlock" "RegistersBlock" 2 1;
 .timescale 0 0;
    .port_info 0 /INPUT 1 "clk";
    .port_info 1 /INPUT 1 "wrEn";
    .port_info 2 /INPUT 5 "rdAddr1";
    .port_info 3 /INPUT 5 "rdAddr2";
    .port_info 4 /INPUT 5 "wrAddr";
    .port_info 5 /INPUT 32 "wrData";
    .port_info 6 /OUTPUT 32 "rdData1";
    .port_info 7 /OUTPUT 32 "rdData2";
v000001d67b326bb0_0 .net *"_ivl_0", 31 0, L_000001d67b3cc940;  1 drivers
v000001d67b374120_0 .net *"_ivl_10", 31 0, L_000001d67b3ccd00;  1 drivers
v000001d67b3741c0_0 .net *"_ivl_12", 6 0, L_000001d67b3ccda0;  1 drivers
L_000001d67b3cd230 .functor BUFT 1, C4<00>, C4<0>, C4<0>, C4<0>;
v000001d67b326c50_0 .net *"_ivl_15", 1 0, L_000001d67b3cd230;  1 drivers
v000001d67b3cc080_0 .net *"_ivl_18", 31 0, L_000001d67b4260b0;  1 drivers
L_000001d67b3cd278 .functor BUFT 1, C4<000000000000000000000000000>, C4<0>, C4<0>, C4<0>;
v000001d67b3ccc60_0 .net *"_ivl_21", 26 0, L_000001d67b3cd278;  1 drivers
L_000001d67b3cd2c0 .functor BUFT 1, C4<00000000000000000000000000000000>, C4<0>, C4<0>, C4<0>;
v000001d67b3cc6c0_0 .net/2u *"_ivl_22", 31 0, L_000001d67b3cd2c0;  1 drivers
v000001d67b3cc760_0 .net *"_ivl_24", 0 0, L_000001d67b426290;  1 drivers
L_000001d67b3cd308 .functor BUFT 1, C4<00000000000000000000000000000000>, C4<0>, C4<0>, C4<0>;
v000001d67b3ccee0_0 .net/2u *"_ivl_26", 31 0, L_000001d67b3cd308;  1 drivers
v000001d67b3cc260_0 .net *"_ivl_28", 31 0, L_000001d67b426150;  1 drivers
L_000001d67b3cd158 .functor BUFT 1, C4<000000000000000000000000000>, C4<0>, C4<0>, C4<0>;
v000001d67b3cc800_0 .net *"_ivl_3", 26 0, L_000001d67b3cd158;  1 drivers
v000001d67b3cca80_0 .net *"_ivl_30", 6 0, L_000001d67b426bf0;  1 drivers
L_000001d67b3cd350 .functor BUFT 1, C4<00>, C4<0>, C4<0>, C4<0>;
v000001d67b3cc580_0 .net *"_ivl_33", 1 0, L_000001d67b3cd350;  1 drivers
L_000001d67b3cd1a0 .functor BUFT 1, C4<00000000000000000000000000000000>, C4<0>, C4<0>, C4<0>;
v000001d67b3cc3a0_0 .net/2u *"_ivl_4", 31 0, L_000001d67b3cd1a0;  1 drivers
v000001d67b3cc620_0 .net *"_ivl_6", 0 0, L_000001d67b3ccbc0;  1 drivers
L_000001d67b3cd1e8 .functor BUFT 1, C4<00000000000000000000000000000000>, C4<0>, C4<0>, C4<0>;
v000001d67b3cc1c0_0 .net/2u *"_ivl_8", 31 0, L_000001d67b3cd1e8;  1 drivers
o000001d67b37b2a8 .functor BUFZ 1, C4<z>; HiZ drive
v000001d67b3ccf80_0 .net "clk", 0 0, o000001d67b37b2a8;  0 drivers
o000001d67b37b2d8 .functor BUFZ 5, C4<zzzzz>; HiZ drive
v000001d67b3cc300_0 .net "rdAddr1", 4 0, o000001d67b37b2d8;  0 drivers
o000001d67b37b308 .functor BUFZ 5, C4<zzzzz>; HiZ drive
v000001d67b3cce40_0 .net "rdAddr2", 4 0, o000001d67b37b308;  0 drivers
v000001d67b3cc9e0_0 .net "rdData1", 31 0, L_000001d67b4263d0;  1 drivers
v000001d67b3ccb20_0 .net "rdData2", 31 0, L_000001d67b4268d0;  1 drivers
v000001d67b3cc120 .array "reg_array", 0 31, 31 0;
o000001d67b37b398 .functor BUFZ 5, C4<zzzzz>; HiZ drive
v000001d67b3cc440_0 .net "wrAddr", 4 0, o000001d67b37b398;  0 drivers
o000001d67b37b3c8 .functor BUFZ 32, C4<zzzzzzzzzzzzzzzzzzzzzzzzzzzzzzzz>; HiZ drive
v000001d67b3cc8a0_0 .net "wrData", 31 0, o000001d67b37b3c8;  0 drivers
o000001d67b37b3f8 .functor BUFZ 1, C4<z>; HiZ drive
v000001d67b3cc4e0_0 .net "wrEn", 0 0, o000001d67b37b3f8;  0 drivers
E_000001d67b3749c0 .event posedge, v000001d67b3ccf80_0;
L_000001d67b3cc940 .concat [ 5 27 0 0], o000001d67b37b2d8, L_000001d67b3cd158;
L_000001d67b3ccbc0 .cmp/eq 32, L_000001d67b3cc940, L_000001d67b3cd1a0;
L_000001d67b3ccd00 .array/port v000001d67b3cc120, L_000001d67b3ccda0;
L_000001d67b3ccda0 .concat [ 5 2 0 0], o000001d67b37b2d8, L_000001d67b3cd230;
L_000001d67b4263d0 .functor MUXZ 32, L_000001d67b3ccd00, L_000001d67b3cd1e8, L_000001d67b3ccbc0, C4<>;
L_000001d67b4260b0 .concat [ 5 27 0 0], o000001d67b37b308, L_000001d67b3cd278;
L_000001d67b426290 .cmp/eq 32, L_000001d67b4260b0, L_000001d67b3cd2c0;
L_000001d67b426150 .array/port v000001d67b3cc120, L_000001d67b426bf0;
L_000001d67b426bf0 .concat [ 5 2 0 0], o000001d67b37b308, L_000001d67b3cd350;
L_000001d67b4268d0 .functor MUXZ 32, L_000001d67b426150, L_000001d67b3cd308, L_000001d67b426290, C4<>;
    .scope S_000001d67b326a20;
T_0 ;
    %pushi/vec4 0, 0, 32;
    %ix/load 4, 0, 0;
    %flag_set/imm 4, 0;
    %store/vec4a v000001d67b3cc120, 4, 0;
    %pushi/vec4 4, 0, 32;
    %ix/load 4, 1, 0;
    %flag_set/imm 4, 0;
    %store/vec4a v000001d67b3cc120, 4, 0;
    %pushi/vec4 2, 0, 32;
    %ix/load 4, 2, 0;
    %flag_set/imm 4, 0;
    %store/vec4a v000001d67b3cc120, 4, 0;
    %pushi/vec4 7, 0, 32;
    %ix/load 4, 3, 0;
    %flag_set/imm 4, 0;
    %store/vec4a v000001d67b3cc120, 4, 0;
    %pushi/vec4 53, 0, 32;
    %ix/load 4, 4, 0;
    %flag_set/imm 4, 0;
    %store/vec4a v000001d67b3cc120, 4, 0;
    %pushi/vec4 5, 0, 32;
    %ix/load 4, 5, 0;
    %flag_set/imm 4, 0;
    %store/vec4a v000001d67b3cc120, 4, 0;
    %pushi/vec4 3, 0, 32;
    %ix/load 4, 6, 0;
    %flag_set/imm 4, 0;
    %store/vec4a v000001d67b3cc120, 4, 0;
    %pushi/vec4 6, 0, 32;
    %ix/load 4, 7, 0;
    %flag_set/imm 4, 0;
    %store/vec4a v000001d67b3cc120, 4, 0;
    %pushi/vec4 12, 0, 32;
    %ix/load 4, 8, 0;
    %flag_set/imm 4, 0;
    %store/vec4a v000001d67b3cc120, 4, 0;
    %pushi/vec4 83, 0, 32;
    %ix/load 4, 9, 0;
    %flag_set/imm 4, 0;
    %store/vec4a v000001d67b3cc120, 4, 0;
    %pushi/vec4 82, 0, 32;
    %ix/load 4, 10, 0;
    %flag_set/imm 4, 0;
    %store/vec4a v000001d67b3cc120, 4, 0;
    %pushi/vec4 72, 0, 32;
    %ix/load 4, 11, 0;
    %flag_set/imm 4, 0;
    %store/vec4a v000001d67b3cc120, 4, 0;
    %pushi/vec4 19, 0, 32;
    %ix/load 4, 12, 0;
    %flag_set/imm 4, 0;
    %store/vec4a v000001d67b3cc120, 4, 0;
    %pushi/vec4 47, 0, 32;
    %ix/load 4, 13, 0;
    %flag_set/imm 4, 0;
    %store/vec4a v000001d67b3cc120, 4, 0;
    %pushi/vec4 48, 0, 32;
    %ix/load 4, 14, 0;
    %flag_set/imm 4, 0;
    %store/vec4a v000001d67b3cc120, 4, 0;
    %pushi/vec4 95, 0, 32;
    %ix/load 4, 15, 0;
    %flag_set/imm 4, 0;
    %store/vec4a v000001d67b3cc120, 4, 0;
    %pushi/vec4 255, 0, 32;
    %ix/load 4, 16, 0;
    %flag_set/imm 4, 0;
    %store/vec4a v000001d67b3cc120, 4, 0;
    %pushi/vec4 83, 0, 32;
    %ix/load 4, 17, 0;
    %flag_set/imm 4, 0;
    %store/vec4a v000001d67b3cc120, 4, 0;
    %pushi/vec4 75, 0, 32;
    %ix/load 4, 18, 0;
    %flag_set/imm 4, 0;
    %store/vec4a v000001d67b3cc120, 4, 0;
    %pushi/vec4 96, 0, 32;
    %ix/load 4, 19, 0;
    %flag_set/imm 4, 0;
    %store/vec4a v000001d67b3cc120, 4, 0;
    %pushi/vec4 67, 0, 32;
    %ix/load 4, 20, 0;
    %flag_set/imm 4, 0;
    %store/vec4a v000001d67b3cc120, 4, 0;
    %pushi/vec4 14, 0, 32;
    %ix/load 4, 21, 0;
    %flag_set/imm 4, 0;
    %store/vec4a v000001d67b3cc120, 4, 0;
    %pushi/vec4 46, 0, 32;
    %ix/load 4, 22, 0;
    %flag_set/imm 4, 0;
    %store/vec4a v000001d67b3cc120, 4, 0;
    %pushi/vec4 17, 0, 32;
    %ix/load 4, 23, 0;
    %flag_set/imm 4, 0;
    %store/vec4a v000001d67b3cc120, 4, 0;
    %pushi/vec4 64, 0, 32;
    %ix/load 4, 24, 0;
    %flag_set/imm 4, 0;
    %store/vec4a v000001d67b3cc120, 4, 0;
    %pushi/vec4 32, 0, 32;
    %ix/load 4, 25, 0;
    %flag_set/imm 4, 0;
    %store/vec4a v000001d67b3cc120, 4, 0;
    %pushi/vec4 7, 0, 32;
    %ix/load 4, 26, 0;
    %flag_set/imm 4, 0;
    %store/vec4a v000001d67b3cc120, 4, 0;
    %pushi/vec4 43, 0, 32;
    %ix/load 4, 27, 0;
    %flag_set/imm 4, 0;
    %store/vec4a v000001d67b3cc120, 4, 0;
    %pushi/vec4 56, 0, 32;
    %ix/load 4, 28, 0;
    %flag_set/imm 4, 0;
    %store/vec4a v000001d67b3cc120, 4, 0;
    %pushi/vec4 30, 0, 32;
    %ix/load 4, 29, 0;
    %flag_set/imm 4, 0;
    %store/vec4a v000001d67b3cc120, 4, 0;
    %pushi/vec4 21, 0, 32;
    %ix/load 4, 30, 0;
    %flag_set/imm 4, 0;
    %store/vec4a v000001d67b3cc120, 4, 0;
    %pushi/vec4 10, 0, 32;
    %ix/load 4, 31, 0;
    %flag_set/imm 4, 0;
    %store/vec4a v000001d67b3cc120, 4, 0;
    %end;
    .thread T_0;
    .scope S_000001d67b326a20;
T_1 ;
    %wait E_000001d67b3749c0;
    %load/vec4 v000001d67b3cc4e0_0;
    %flag_set/vec4 9;
    %flag_get/vec4 9;
    %jmp/0 T_1.2, 9;
    %load/vec4 v000001d67b3cc440_0;
    %pad/u 32;
    %pushi/vec4 0, 0, 32;
    %cmp/ne;
    %flag_get/vec4 4;
    %and;
T_1.2;
    %flag_set/vec4 8;
    %jmp/0xz  T_1.0, 8;
    %load/vec4 v000001d67b3cc8a0_0;
    %load/vec4 v000001d67b3cc440_0;
    %pad/u 7;
    %ix/vec4 3;
    %ix/load 4, 0, 0; Constant delay
    %assign/vec4/a/d v000001d67b3cc120, 0, 4;
T_1.0 ;
    %jmp T_1;
    .thread T_1;
# The file index is used to find the file name in the following table.
:file_names 3;
    "N/A";
    "<interactive>";
    "RegisterFile.v";
